-------------------------------------------------------------------------------
Test set: com.jpmc.midascore.TaskTwoTests
-------------------------------------------------------------------------------
Tests run: 1, Failures: 0, Errors: 1, Skipped: 0, Time elapsed: 20.031 s <<< FAILURE! - in com.jpmc.midascore.TaskTwoTests
task_two_verifier  Time elapsed: 0.011 s  <<< ERROR!
java.lang.IllegalStateException: Failed to load ApplicationContext
Caused by: org.springframework.beans.factory.BeanCreationException: Error creating bean with name 'embeddedKafka': Invocation of init method failed; nested exception is java.nio.file.AccessDeniedException: C:\Users\user\AppData\Local\Temp\spring.kafka.ecff72af-d997-4f48-9982-d9773ad215e1141016621253861710
Caused by: java.nio.file.AccessDeniedException: C:\Users\user\AppData\Local\Temp\spring.kafka.ecff72af-d997-4f48-9982-d9773ad215e1141016621253861710

